Subcycle: 0
w: 0.22188470506254732
c_e: -33395.28483193243
c_homo: -15.10749501852508
c_lumo: -12.449213730390001
n_e: -33407.84204796619
n_homo: -12.621189753944241
n_lumo: -5.146219236483841
C: 0.06397372019001146
Subcycle: 1
w: 0.3281152949374527
c_e: -33399.56810650371
c_homo: -15.70560150550644
c_lumo: -12.44812527454472
n_e: -33412.42515565958
n_homo: -13.16242442300972
n_lumo: -4.80879792444704
C: 0.3053752671457861
Subcycle: 2
w: 0.15623058987490537
c_e: -33392.16220531249
c_homo: -14.7132018885724
c_lumo: -12.42526770179384
n_e: -33404.45197060188
n_homo: -12.13791535863992
n_lumo: -5.5250018706412805
C: 0.15184993074809405
Subcycle: 3
w: 0.22091435671221568
c_e: -33395.2382487434
c_homo: -15.10150851137604
c_lumo: -12.44894161642868
n_e: -33407.791902805395
n_homo: -12.614931132833881
n_lumo: -5.150845173826281
C: 0.06127707083971501
Subcycle: 4
w: 0.19957093206532375
c_e: -33394.23194301459
c_homo: -14.9744312914396
c_lumo: -12.441866653434362
n_e: -33406.706024423554
n_homo: -12.47288764502484
n_lumo: -5.25642539081844
C: 0.001193763942481496
Subcycle: 5
w: 0.183016394432635
c_e: -33393.43694765455
c_homo: -14.87483758159648
c_lumo: -12.435608032324001
n_e: -33405.84401746307
n_homo: -12.352613274121401
n_lumo: -5.350032593512521
C: 0.05445653439833542
Subcycle: 6
w: 0.20140005830859978
c_e: -33394.31780095589
c_homo: -14.9853158498924
c_lumo: -12.44268299531832
n_e: -33406.79888467343
n_homo: -12.485404887245561
n_lumo: -5.24690140217224
C: 0.0043211697064116095
Subcycle: 7
w: 0.19729584528545788
c_e: -33394.12208843149
c_homo: -14.96055347941228
c_lumo: -12.4410503115504
n_e: -33406.587147357845
n_homo: -12.456832921306962
n_lumo: -5.26867051907784
C: 0.008226005047724527
Subcycle: 8
w: 0.19990426835877237
c_e: -33394.246260018546
c_homo: -14.976336089168841
c_lumo: -12.44213876739568
n_e: -33406.72151206178
n_homo: -12.4750645567154
n_lumo: -5.2547927070505205
C: 0.00018748651488387225
Subcycle: 9
w: 0.20023760465716517
c_e: -33394.26057430137
c_homo: -14.97796877293676
c_lumo: -12.44213876739568
n_e: -33406.736995618296
n_homo: -12.47724146840596
n_lumo: -5.2531600232826
C: 0.0008201514804078158
