Subcycle: 0
w: 0.22188470506254732
c_e: -26664.618041152822
c_homo: -10.98986655583084
c_lumo: -6.51930628530456
n_e: -26671.339450286796
n_homo: -6.90815713603084
n_lumo: 0.50395505636464
C: 0.18674800205704667
Subcycle: 1
w: 0.3281152949374527
c_e: -26667.39924086159
c_homo: -11.541169441465161
c_lumo: -6.30052666040328
n_e: -26674.276233874083
n_homo: -7.41292853427944
n_lumo: 0.87294158791456
C: 0.5359355217849453
Subcycle: 2
w: 0.15623058987490537
c_e: -26662.34941581899
c_homo: -10.4818297900464
c_lumo: -6.74380030339356
n_e: -26668.949071125662
n_homo: -6.45018933912928
n_lumo: 0.0938793166554
C: 0.1494659675432226
Subcycle: 3
w: 0.1711102624179671
c_e: -26662.87855219249
c_homo: -10.61081180771208
c_lumo: -6.68339100398052
n_e: -26669.50712363484
n_homo: -6.56692622853556
n_lumo: 0.20326912910604
C: 0.06164521381466148
Subcycle: 4
w: 0.18682944794741735
c_e: -26663.43165083979
c_homo: -10.73734479972588
c_lumo: -6.62624707210332
n_e: -26670.089957099877
n_homo: -6.68094197832864
n_lumo: 0.3074887762916
C: 0.02263571824108368
Subcycle: 5
w: 0.19007021081417141
c_e: -26663.54665566941
c_homo: -10.76292351208996
c_lumo: -6.6150903996892
n_e: -26670.211100738834
n_homo: -6.70407166504084
n_lumo: 0.3278973233906
C: 0.03962659561512982
Subcycle: 6
w: 0.18201547990282496
c_e: -26663.2634746428
c_homo: -10.69979307306372
c_lumo: -6.6431181377051605
n_e: -26669.91277744104
n_homo: -6.64692773316364
n_lumo: 0.27673989866244003
C: 0.002375065076019922
Subcycle: 7
w: 0.1778500574783189
c_e: -26663.119102213233
c_homo: -10.666867283744
c_lumo: -6.65781229161644
n_e: -26669.760654443933
n_homo: -6.61726731137976
n_lumo: 0.24952850253043998
C: 0.024284919319984333
Subcycle: 8
w: 0.1824268400872181
c_e: -26663.277526634974
c_homo: -10.70305844059956
c_lumo: -6.64175756789856
n_e: -26669.927582481392
n_homo: -6.6499209867381595
n_lumo: 0.27918892431432
C: 0.00013485967951254452
Subcycle: 9
w: 0.18346284838259333
c_e: -26663.316136476777
c_homo: -10.7117660873618
c_lumo: -6.63794797244008
n_e: -26669.96826036209
n_homo: -6.65781229161644
n_lumo: 0.28626388730864
C: 0.0056884063035367305
Subcycle: 10
w: 0.18276017612637874
c_e: -26663.291572259684
c_homo: -10.706323808135402
c_lumo: -6.64039699809196
n_e: -26669.94238061005
n_homo: -6.652642126351361
n_lumo: 0.28191006392752
C: 0.0018337759863920056
