Subcycle: 0
w: 0.22188470506254732
c_e: -20381.036153533547
c_homo: -11.61981037628664
c_lumo: -6.7035274371182005
n_e: -20387.870429497743
n_homo: -6.954144395493921
n_lumo: 0.87511849960512
C: 0.11986843129749847
Subcycle: 1
w: 0.3281152949374527
c_e: -20383.171199593184
c_homo: -12.270162743841441
c_lumo: -6.45753641608492
n_e: -20390.151235468824
n_homo: -7.4725214918085205
n_lumo: 1.2666904899446
C: 0.4924856161683513
Subcycle: 2
w: 0.15623058987490537
c_e: -20379.29928135712
c_homo: -11.054901792586321
c_lumo: -6.96312415621748
n_e: -20386.0251408333
n_homo: -6.4852920401395595
n_lumo: 0.42830737511768
C: 0.24056743603743325
Subcycle: 3
w: 0.21861171828603743
c_e: -20380.953890462577
c_homo: -11.59504800580652
c_lumo: -6.71359565368704
n_e: -20387.78291971585
n_homo: -6.93400796235624
n_lumo: 0.857158978158
C: 0.10497870908334761
Subcycle: 4
w: 0.1980344474631897
c_e: -20380.42482413121
c_homo: -11.43177962901452
c_lumo: -6.7835289417462805
n_e: -20387.22045294678
n_homo: -6.800127893386801
n_lumo: 0.73552403744796
C: 0.004499077813946428
Subcycle: 5
w: 0.1820667947253253
c_e: -20380.001863877067
c_homo: -11.29599476231584
c_lumo: -6.8450266970046005
n_e: -20386.771120305486
n_homo: -6.687472713400321
n_lumo: 0.6285832506492
C: 0.08178371501856407
Subcycle: 6
w: 0.19914648059916007
c_e: -20380.45367838817
c_homo: -11.44075938973808
c_lumo: -6.77944723232648
n_e: -20387.25111567313
n_homo: -6.80747497034244
n_lumo: 0.74232688648096
C: 0.010037685382116024
Subcycle: 7
w: 0.1942594379404045
c_e: -20380.32734131821
c_homo: -11.40075863742404
c_lumo: -6.79713463981228
n_e: -20387.11686996463
n_homo: -6.77454918102272
n_lumo: 0.7115780088518
C: 0.014979465396337766
Subcycle: 8
w: 0.19659252213334028
c_e: -20380.38801481307
c_homo: -11.42007872867776
c_lumo: -6.78869910701136
n_e: -20387.181338496852
n_homo: -6.79033179077928
n_lumo: 0.7265442767244
C: 0.0029918930023562496
Subcycle: 9
w: 0.19697430995454557
c_e: -20380.398541405604
c_homo: -11.4233440962136
c_lumo: -6.787066423243441
n_e: -20387.19252409498
n_homo: -6.793325044353801
n_lumo: 0.72899330237628
C: 0.0006576450205875162
Subcycle: 10
w: 0.19730764620948005
c_e: -20380.406431322703
c_homo: -11.42579312186548
c_lumo: -6.78597796739816
n_e: -20387.200908034974
n_homo: -6.79522984208304
n_lumo: 0.73089810010552
C: 0.0007531298113230278
