Subcycle: 0
w: 0.22188470506254732
c_e: -48922.12037747545
c_homo: -8.50192860748208
c_lumo: -6.0722230468558
n_e: -48928.363622514305
n_homo: -6.3750858858049595
n_lumo: 0.6021881964011601
C: 0.13184084694622822
Subcycle: 1
w: 0.3281152949374527
c_e: -48926.967482787026
c_homo: -8.96860405114588
c_lumo: -5.91657386098076
n_e: -48933.44847705925
n_homo: -6.8820341957441205
n_lumo: 0.9417864201285201
C: 0.40103992351643036
Subcycle: 2
w: 0.15623058987490537
c_e: -48918.40554053383
c_homo: -8.221379113361161
c_lumo: -6.03630400396156
n_e: -48924.39090289943
n_homo: -5.91739020286472
n_lumo: 0.22095653659184003
C: 0.0679721627370391
Subcycle: 3
w: 0.1355090549568966
c_e: -48917.24211511529
c_homo: -8.12450654313124
c_lumo: -6.03058961077384
n_e: -48923.13382510729
n_homo: -5.741604583852
n_lumo: 0.06231409714228
C: 0.1501054081479598
Subcycle: 4
w: 0.180546841146408
c_e: -48919.80004812157
c_homo: -8.32968046996652
c_lumo: -6.04800490429832
n_e: -48925.88799989962
n_homo: -6.10324403844628
n_lumo: 0.38204800169328
C: 0.015292260397688828
Subcycle: 5
w: 0.18265266983852047
c_e: -48919.92618246663
c_homo: -8.33920445861272
c_lumo: -6.0493654741049205
n_e: -48926.02300951364
n_homo: -6.11902664820284
n_lumo: 0.39538158579796
C: 0.022199601191664975
Subcycle: 6
w: 0.17364360424011993
c_e: -48919.403717402274
c_homo: -8.29947582026
c_lumo: -6.04446742280116
n_e: -48925.4633976282
n_homo: -6.0526308416407595
n_lumo: 0.33878188184339997
C: 0.007049384283480009
Subcycle: 7
w: 0.1745168135569185
c_e: -48919.45546313738
c_homo: -8.30328541571848
c_lumo: -6.0450116507238
n_e: -48925.518857990995
n_homo: -6.05916157671244
n_lumo: 0.34449627503112
C: 0.004233276899967997
Subcycle: 8
w: 0.17628054726734027
c_e: -48919.55890345019
c_homo: -8.311176720596759
c_lumo: -6.04582799260776
n_e: -48925.629719667864
n_homo: -6.0724951608171205
n_lumo: 0.35592506140656
C: 0.0016789431428287926
Subcycle: 9
w: 0.17661388321533666
c_e: -48919.576139420606
c_homo: -8.312537290403359
c_lumo: -6.04610010656908
n_e: -48925.648187770305
n_homo: -6.07467207250768
n_lumo: 0.3578298591358
C: 0.0026237228087913067
Subcycle: 10
w: 0.17575326754923193
c_e: -48919.53017393027
c_homo: -8.3089998089062
c_lumo: -6.04555587864644
n_e: -48925.59893323851
n_homo: -6.06895767931996
n_lumo: 0.35293180783204003
C: 0.00019837107970044343
Subcycle: 11
w: 0.1752809841496937
c_e: -48919.501441144974
c_homo: -8.306822897215639
c_lumo: -6.04528376468512
n_e: -48925.56814027842
n_homo: -6.06514808386148
n_lumo: 0.34966644029620003
C: 0.00155104958228236
