Subcycle: 0
w: 0.22188470506254732
c_e: -40736.79187165979
c_homo: -8.8450643127066
c_lumo: -6.41835200565484
n_e: -40743.373486599965
n_homo: -6.71223508388044
n_lumo: 0.43864770564784
C: 0.1306201437078549
Subcycle: 1
w: 0.3281152949374527
c_e: -40740.976384373615
c_homo: -9.1743222059038
c_lumo: -6.457808530046241
n_e: -40747.840810347036
n_homo: -7.205033467830961
n_lumo: 0.802736185894
C: 0.34060749440994
Subcycle: 2
w: 0.15623058987490537
c_e: -40733.4189521692
c_homo: -8.603971342977081
c_lumo: -6.40066459816904
n_e: -40739.75725505029
n_homo: -6.26215859185716
n_lumo: 0.03700749873952
C: 0.07614428922867766
Subcycle: 3
w: 0.1268854345253728
c_e: -40731.91426863177
c_homo: -8.485873883764201
c_lumo: -6.4069232192794
n_e: -40738.12633512506
n_homo: -6.010181063674841
n_lumo: -0.20354124306736
C: 0.20188542961330747
Subcycle: 4
w: 0.1813518596378994
c_e: -40734.741520716874
c_homo: -8.70002757132304
c_lumo: -6.40474630758884
n_e: -40741.179922351315
n_homo: -6.45154990893588
n_lumo: 0.21170466190696
C: 0.013148274494773737
Subcycle: 5
w: 0.1840190602029154
c_e: -40734.87711428746
c_homo: -8.70955155996924
c_lumo: -6.4052905355114795
n_e: -40741.32536481461
n_homo: -6.47005365830564
n_lumo: 0.22830361354748
C: 0.021803131153954602
Subcycle: 6
w: 0.17484800911409418
c_e: -40734.396038300845
c_homo: -8.67526520084292
c_lumo: -6.40311362382092
n_e: -40740.80902476341
n_homo: -6.4042020796662005
n_lumo: 0.1687106560184
C: 0.008784382898531007
Subcycle: 7
w: 0.16773678774753026
c_e: -40734.02307564009
c_homo: -8.64832591867224
c_lumo: -6.40175305401432
n_e: -40740.4080939576
n_homo: -6.35141197117012
n_lumo: 0.12027437090344001
C: 0.0336063463389733
Subcycle: 8
w: 0.1769045922492588
c_e: -40734.506133160576
c_homo: -8.6831565057212
c_lumo: -6.403657851743561
n_e: -40740.927274606445
n_homo: -6.419440461500121
n_lumo: 0.18258846804572
C: 0.001700984369459313
Subcycle: 9
w: 0.17773738019075253
c_e: -40734.54803680582
c_homo: -8.68614975929572
c_lumo: -6.403657851743561
n_e: -40740.97226620092
n_homo: -6.4251548546878405
n_lumo: 0.1877586333108
C: 0.0009254595849563785
Subcycle: 10
w: 0.17807071616035725
c_e: -40734.56898005685
c_homo: -8.68778244306364
c_lumo: -6.40392996570488
n_e: -40740.99475043332
n_homo: -6.42814810826236
n_lumo: 0.190479772924
C: 0.0023777317953888044
Subcycle: 11
w: 0.1774040442211478
c_e: -40734.53232548992
c_homo: -8.685061303450441
c_lumo: -6.403657851743561
n_e: -40740.95539785646
n_homo: -6.42297794299728
n_lumo: 0.18585383558156002
C: 9.442354141064868e-05
