Subcycle: 0
w: 0.22188470506254732
c_e: -70582.22461322811
c_homo: -9.122620553253
c_lumo: -5.30186842235888
n_e: -70588.01246657294
n_homo: -6.08201914946332
n_lumo: 0.30721666233028
C: 0.2941658046395039
Subcycle: 1
w: 0.3281152949374527
c_e: -70587.366807627
c_homo: -9.461402435096401
c_lumo: -5.51194040049792
n_e: -70593.48599618301
n_homo: -6.66216611499756
n_lumo: 0.65334562112932
C: 0.5429775589864922
Subcycle: 2
w: 0.15623058987490537
c_e: -70578.19697149185
c_homo: -8.70546985054944
c_lumo: -5.695889438350241
n_e: -70583.82755412372
n_homo: -5.56418628107136
n_lumo: -0.0843553280092
C: 0.06639635079986039
Subcycle: 3
w: 0.11565411518764196
c_e: -70575.79932286068
c_homo: -8.33729966088348
c_lumo: -5.8243272280932805
n_e: -70581.30061571399
n_homo: -5.163362416047001
n_lumo: -0.42912371700164
C: 0.3379304372635872
Subcycle: 4
w: 0.17092293920212193
c_e: -70579.10267804975
c_homo: -8.82683267729816
c_lumo: -5.6586098256494
n_e: -70584.77937665097
n_homo: -5.69316829873704
n_lumo: 0.01932009125372
C: 0.016469697514442494
Subcycle: 5
w: 0.1761853116152749
c_e: -70579.42982842031
c_homo: -8.86764977149616
c_lumo: -5.6444598996607604
n_e: -70585.12275426551
n_homo: -5.737522874432201
n_lumo: 0.054422792264
C: 0.044597029232121166
Subcycle: 6
w: 0.16745460502681386
c_e: -70578.8928066196
c_homo: -8.79934916720484
c_lumo: -5.66704535845032
n_e: -70584.55895998848
n_homo: -5.6640521048758
n_lumo: -0.00380959545848
C: 0.0021012640135538163
Subcycle: 7
w: 0.16316741272902863
c_e: -70578.6275891145
c_homo: -8.763974352233241
c_lumo: -5.67792991690312
n_e: -70584.28028889703
n_homo: -5.62650037821364
n_lumo: -0.03374213120368
C: 0.026199404313993924
Subcycle: 8
w: 0.16778794084390036
c_e: -70578.91132098141
c_homo: -8.80179819285672
c_lumo: -5.66622901656636
n_e: -70584.57840851753
n_homo: -5.6665011305276805
n_lumo: -0.0016326837679200002
C: 0.0005864055883337826
Subcycle: 9
w: 0.16844127153611732
c_e: -70578.9483526983
c_homo: -8.806696244160479
c_lumo: -5.66486844675976
n_e: -70584.61730611984
n_homo: -5.67167129579276
n_lumo: 0.00244902565188
C: 0.002717874252550878
