Subcycle: 0
w: 0.22188470506254732
c_e: -48327.86432427165
c_homo: -9.880185821567881
c_lumo: -6.74516087320016
n_e: -48334.82812327049
n_homo: -7.165849057400881
n_lumo: 0.53361547814852
C: 0.2020500585603786
Subcycle: 1
w: 0.3281152949374527
c_e: -48331.12162607756
c_homo: -10.4791086504332
c_lumo: -6.51413612003948
n_e: -48338.23977355755
n_homo: -7.68477038163812
n_lumo: 0.93144608959836
C: 0.5666229016494269
Subcycle: 2
w: 0.15623058987490537
c_e: -48325.323385598596
c_homo: -9.399632565876761
c_lumo: -6.97183180297972
n_e: -48332.1617523064
n_homo: -6.69917361373708
n_lumo: 0.10394753322424001
C: 0.13919309406438973
Subcycle: 3
w: 0.15580621702587202
c_e: -48325.307739317934
c_homo: -9.39827199607016
c_lumo: -6.97210391694104
n_e: -48332.14516151818
n_homo: -6.695908246201241
n_lumo: 0.10068216568840001
C: 0.1415139540445418
Subcycle: 4
w: 0.1841354425821213
c_e: -48326.4216027159
c_homo: -9.60181323913752
c_lumo: -6.8681563837168005
n_e: -48333.31789187362
n_homo: -6.914959985063841
n_lumo: 0.30857723213688
C: 0.018670827339017926
Subcycle: 5
w: 0.19855437779940288
c_e: -48326.985740944976
c_homo: -9.712291507433441
c_lumo: -6.81618261710468
n_e: -48333.90883060675
n_homo: -7.01618637867488
n_lumo: 0.40164020690832003
C: 0.09309671690117849
Subcycle: 6
w: 0.17982354258931238
c_e: -48326.2526857975
c_homo: -9.568887449817801
c_lumo: -6.88393899347336
n_e: -48333.14073507235
n_homo: -6.883394765550721
n_lumo: 0.27946103827564
C: 0.004654509299625076
Subcycle: 7
w: 0.170811836547378
c_e: -48325.897926744416
c_homo: -9.5008589594878
c_lumo: -6.91768112467704
n_e: -48332.76811854056
n_homo: -6.815638389182041
n_lumo: 0.21551425736544
C: 0.054553406962313034
Subcycle: 8
w: 0.17949020658876488
c_e: -48326.24088203808
c_homo: -9.56643842416592
c_lumo: -6.885027449318641
n_e: -48333.12835062175
n_homo: -6.88121785386016
n_lumo: 0.27728412658508
C: 0.0062507298106924125
Subcycle: 9
w: 0.18104035707476498
c_e: -48326.299877705475
c_homo: -9.578139324502681
c_lumo: -6.879313056130919
n_e: -48333.19024321437
n_homo: -6.89237452627428
n_lumo: 0.28762445711524
C: 0.0020090173799607314
Subcycle: 10
w: 0.18222257454048787
c_e: -48326.34703124537
c_homo: -9.587119085226242
c_lumo: -6.87523134671112
n_e: -48333.23969938261
n_homo: -6.90108217303652
n_lumo: 0.29578787595484
C: 0.008414035796994845
Subcycle: 11
w: 0.18137369309336077
c_e: -48326.31560017804
c_homo: -9.5811325780772
c_lumo: -6.87795248632432
n_e: -48333.20673440888
n_homo: -6.895095665887481
n_lumo: 0.29034559672844
C: 0.003961435045481743
Subcycle: 12
w: 0.18064176606453786
c_e: -48326.28415115119
c_homo: -9.57487395696684
c_lumo: -6.88094573989884
n_e: -48333.173746033346
n_homo: -6.889381272699761
n_lumo: 0.28490331750204
C: 0.00021360945938386777
Subcycle: 13
w: 0.18030843005185415
c_e: -48326.272353378285
c_homo: -9.57269704527628
c_lumo: -6.8820341957441205
n_e: -48333.161369474044
n_homo: -6.8872043610092
n_lumo: 0.28272640581148
C: 0.0018117347506709791
