Subcycle: 0
w: 0.22188470506254732
c_e: -12591.009267984697
c_homo: -13.310454417967799
c_lumo: -8.33185738165708
n_e: -12599.289947914038
n_homo: -8.216481062057401
n_lumo: 0.5447721505626401
C: 0.0641988672838032
Subcycle: 1
w: 0.3281152949374527
c_e: -12592.282834930502
c_homo: -13.9417588082302
c_lumo: -8.06246455995028
n_e: -12600.70186293121
n_homo: -8.74519848890216
n_lumo: 0.9170240496484
C: 0.32617048819431993
Subcycle: 2
w: 0.15623058987490537
c_e: -12589.962289817468
c_homo: -12.74908331576464
c_lumo: -8.61213476181668
n_e: -12598.123358844166
n_homo: -7.70871641023428
n_lumo: 0.12408396636192
C: 0.45235261646461655
Subcycle: 3
w: 0.2497033565349883
c_e: -12591.40538988374
c_homo: -13.50392744446632
c_lumo: -8.245597255918641
n_e: -12599.729446356776
n_homo: -8.38464749015316
n_lumo: 0.67157725653776
C: 0.060591017116397694
Subcycle: 4
w: 0.23775287768512535
c_e: -12591.24055513735
c_homo: -13.42392593983824
c_lumo: -8.28069995692892
n_e: -12599.546647789539
n_homo: -8.31553054397788
n_lumo: 0.6204198318096
C: 0.009437891789426445
Subcycle: 5
w: 0.236027354725673
c_e: -12591.214984697252
c_homo: -13.41140869761752
c_lumo: -8.286142236155321
n_e: -12599.51828042609
n_homo: -8.3049180994864
n_lumo: 0.61225641297
C: 0.001622370648561855
Subcycle: 6
w: 0.23062534324534123
c_e: -12591.137312216018
c_homo: -13.37331274303272
c_lumo: -8.30328541571848
n_e: -12599.432093118046
n_homo: -8.27172019620536
n_lumo: 0.5872219285285599
C: 0.02306070582256403
Subcycle: 7
w: 0.23499064601110406
c_e: -12591.200708918555
c_homo: -13.4043337346232
c_lumo: -8.28940760369116
n_e: -12599.50244184249
n_homo: -8.29865947837604
n_lumo: 0.60763047562756
C: 0.003073445557701504
Subcycle: 8
w: 0.23569401789148822
c_e: -12591.210707174623
c_homo: -13.409231785926961
c_lumo: -8.2872306920006
n_e: -12599.513534758602
n_homo: -8.303013301757161
n_lumo: 0.6108958431634001
C: 0.0001857177783648467
Subcycle: 9
w: 0.23536068106224764
c_e: -12591.20642518933
c_homo: -13.407054874236401
c_lumo: -8.288047033884562
n_e: -12599.508784002586
n_homo: -8.30110850402792
n_lumo: 0.6095352733568
C: 0.001250309228511881
