Subcycle: 0
w: 0.22188470506254732
c_e: -14069.842687970142
c_homo: -16.27159854505204
c_lumo: -11.11014092673428
n_e: -14080.843095894295
n_homo: -10.87966040149624
n_lumo: -1.27567025066816
C: 0.1207475226572381
Subcycle: 1
w: 0.3281152949374527
c_e: -14071.99241327184
c_homo: -17.00821103834528
c_lumo: -10.84455770048596
n_e: -14083.162920123024
n_homo: -11.47286883717384
n_lumo: -0.81334863038548
C: 0.30236198599009434
Subcycle: 2
w: 0.15623058987490537
c_e: -14068.341957922034
c_homo: -15.678117995413121
c_lumo: -11.3838875718222
n_e: -14079.222697092118
n_homo: -10.370807293827841
n_lumo: -1.7635705833149202
C: 0.5099318762569389
Subcycle: 3
w: 0.25576194251053885
c_e: -14070.593449709137
c_homo: -16.53201160603528
c_lumo: -11.00891453312324
n_e: -14081.651918888545
n_homo: -11.09326986113244
n_lumo: -1.08355779397624
C: 0.03480068172409112
Subcycle: 4
w: 0.2604358640582077
c_e: -14070.691697842653
c_homo: -16.56520950931632
c_lumo: -10.99666940486384
n_e: -14081.757773859004
n_homo: -11.120209143303121
n_lumo: -1.0598838793414
C: 0.05413312695124972
Subcycle: 5
w: 0.2461514391300077
c_e: -14070.385270800616
c_homo: -16.46098986213076
c_lumo: -11.035581701332601
n_e: -14081.427651378117
n_homo: -11.03530958737128
n_lumo: -1.13444310474308
C: 0.007070990129527388
Subcycle: 6
w: 0.23688237151219282
c_e: -14070.179969442812
c_homo: -16.390240232187562
c_lumo: -11.062793097464601
n_e: -14081.206493858153
n_homo: -10.97734931361012
n_lumo: -1.18614475739388
C: 0.04917510173143569
Subcycle: 7
w: 0.24728976849825118
c_e: -14070.409327824496
c_homo: -16.46915328097036
c_lumo: -11.032588447758082
n_e: -14081.453566314492
n_homo: -11.04211243640428
n_lumo: -1.12845659759404
C: 0.0021260535918532497
Subcycle: 8
w: 0.24926600627790352
c_e: -14070.452937216109
c_homo: -16.48411954884296
c_lumo: -11.02687405457036
n_e: -14081.500544123195
n_homo: -11.05435756466368
n_lumo: -1.11757203914124
C: 0.0067506575772338095
Subcycle: 9
w: 0.24773268485962563
c_e: -14070.418063281306
c_homo: -16.47214653454488
c_lumo: -11.03122787795148
n_e: -14081.462976450657
n_homo: -11.04456146205616
n_lumo: -1.12627968590348
C: 0.00035170729511513343
Subcycle: 10
w: 0.2480660218674285
c_e: -14070.426791989688
c_homo: -16.475139788119403
c_lumo: -11.0301394221062
n_e: -14081.47237934859
n_homo: -11.04701048770804
n_lumo: -1.12410277421292
C: 0.0014231288063548675
