Subcycle: 0
w: 0.22188470506254732
c_e: -29726.31968066948
c_homo: -10.500333539416161
c_lumo: -6.04065782734268
n_e: -29732.52610487978
n_homo: -6.3525004270154
n_lumo: 0.9714468419124
C: 0.1460762167147891
Subcycle: 1
w: 0.3281152949374527
c_e: -29729.657883316664
c_homo: -11.13708020890496
c_lumo: -5.865144322291281
n_e: -29736.052989442946
n_homo: -6.875775574633761
n_lumo: 1.3358074361198802
C: 0.4806694483522991
Subcycle: 2
w: 0.15623058987490537
c_e: -29723.835158567686
c_homo: -9.9471258560526
c_lumo: -6.22814434669216
n_e: -29729.89382054317
n_homo: -5.88364807166104
n_lumo: 0.5415067830268
C: 0.17501390382207926
Subcycle: 3
w: 0.1996078422612937
c_e: -29725.487936591086
c_homo: -10.3294459717072
c_lumo: -6.09426427772272
n_e: -29731.64671609578
n_homo: -6.20882425543844
n_lumo: 0.84790710347312
C: 0.05004475074404624
Subcycle: 4
w: 0.19106950034224215
c_e: -29725.165214875233
c_homo: -10.2600569115706
c_lumo: -6.1171218504736
n_e: -29731.3051132085
n_homo: -6.150319753754641
n_lumo: 0.79511699497704
C: 0.010421420489048927
Subcycle: 5
w: 0.177762220674734
c_e: -29724.657321241397
c_homo: -10.146041161777521
c_lumo: -6.15603414694236
n_e: -29730.766921045637
n_homo: -6.05371929748604
n_lumo: 0.7055915017027601
C: 0.05588050675409306
Subcycle: 6
w: 0.18904719747248835
c_e: -29725.08518670344
c_homo: -10.2423695040848
c_lumo: -6.12310835762264
n_e: -29731.220361138337
n_homo: -6.135353485882041
n_lumo: 0.78151129691104
C: 0.00017905098440529343
Subcycle: 7
w: 0.18473671989800014
c_e: -29724.921069058975
c_homo: -10.205906233267921
c_lumo: -6.135353485882041
n_e: -29731.046499365028
n_homo: -6.10460460825288
n_lumo: 0.75293933097244
C: 0.020825697799414122
Subcycle: 8
w: 0.188431000538595
c_e: -29725.06230518466
c_homo: -10.23747145278104
c_lumo: -6.1247410413905605
n_e: -29731.196125580485
n_homo: -6.130999662500921
n_lumo: 0.77742958749124
C: 0.002820733324830016
Subcycle: 9
w: 0.18938053360984478
c_e: -29725.100437330402
c_homo: -10.245634871620641
c_lumo: -6.12201990177736
n_e: -29731.236513278855
n_homo: -6.13834673945656
n_lumo: 0.78396032256292
C: 0.0022707910042161217
