Subcycle: 0
w: 0.22188470506254732
c_e: -30757.27373618541
c_homo: -10.826053951116199
c_lumo: -6.38433776048984
n_e: -30763.861748524807
n_homo: -6.77182804140952
n_lumo: 0.6108958431634001
C: 0.18381570201140107
Subcycle: 1
w: 0.3281152949374527
c_e: -30760.39656988408
c_homo: -11.41953450075512
c_lumo: -6.2012050645214805
n_e: -30767.171352810994
n_homo: -7.299184898447679
n_lumo: 0.96954204418316
C: 0.524401971533921
Subcycle: 2
w: 0.15623058987490537
c_e: -30754.81801326471
c_homo: -10.28781253562524
c_lumo: -6.58053192660156
n_e: -30761.26217446326
n_homo: -6.30107088832592
n_lumo: 0.20789506644848002
C: 0.1430903102234895
Subcycle: 3
w: 0.16844112555134133
c_e: -30755.282788808698
c_homo: -10.4001956016504
c_lumo: -6.5364494648677205
n_e: -30761.754920057094
n_homo: -6.3995761423237605
n_lumo: 0.29687633180012
C: 0.07255510607242055
Subcycle: 4
w: 0.18646645227089523
c_e: -30755.9709829764
c_homo: -10.55584478752544
c_lumo: -6.47821707714524
n_e: -30762.483680702037
n_homo: -6.535633122983761
n_lumo: 0.4163343608196
C: 0.022935397346934394
Subcycle: 5
w: 0.19121666398810822
c_e: -30756.14815283913
c_homo: -10.594212856071561
c_lumo: -6.46433926511792
n_e: -30762.671173480005
n_homo: -6.569103140226121
n_lumo: 0.4449063267582
C: 0.04608249935195552
Subcycle: 6
w: 0.18156465905294214
c_e: -30755.785406697054
c_homo: -10.51502769332744
c_lumo: -6.49318334501784
n_e: -30762.287245715066
n_homo: -6.49998619405084
n_lumo: 0.38531336922912
C: 0.0018528239612658481
Subcycle: 7
w: 0.17655191530782854
c_e: -30755.59535142191
c_homo: -10.472305801400202
c_lumo: -6.5089659547744
n_e: -30762.086012814736
n_homo: -6.462434467388681
n_lumo: 0.35265969387072
C: 0.02822692543645111
Subcycle: 8
w: 0.18189799507931456
c_e: -30755.7967900404
c_homo: -10.51747671897932
c_lumo: -6.49209488917256
n_e: -30762.299296826073
n_homo: -6.5021631057414
n_lumo: 0.38721816695836
C: 0.00034367993177664147
Subcycle: 9
w: 0.18290273082306352
c_e: -30755.83471592376
c_homo: -10.525912251780241
c_lumo: -6.48910163559804
n_e: -30762.33944533627
n_homo: -6.50951018269704
n_lumo: 0.39347678806872005
C: 0.004780770186398442
Subcycle: 10
w: 0.18228176998371476
c_e: -30755.811963931224
c_homo: -10.52074208651516
c_lumo: -6.49100643332728
n_e: -30762.31536025744
n_homo: -6.50515635931592
n_lumo: 0.38966719261024
C: 0.001760033101931846
