Subcycle: 0
w: 0.22188470506254732
c_e: -52416.32244433114
c_homo: -9.81079676143128
c_lumo: -6.17671480800268
n_e: -52422.7302734178
n_homo: -6.61563462761184
n_lumo: 0.7904910576346
C: 0.2078055409517816
Subcycle: 1
w: 0.3281152949374527
c_e: -52419.41270081848
c_homo: -9.79719106336528
c_lumo: -6.150319753754641
n_e: -52426.257958812355
n_homo: -7.14380782653396
n_lumo: 1.1608381589911199
C: 0.2985498326591216
Subcycle: 2
w: 0.15623058987490537
c_e: -52413.731553153986
c_homo: -9.33731846873448
c_lumo: -6.367194580926681
n_e: -52419.99112312573
n_homo: -6.14351690472164
n_lumo: 0.3578298591358
C: 0.11605306702052687
Subcycle: 3
w: 0.11565411518764196
c_e: -52412.15932929867
c_homo: -8.98737991447696
c_lumo: -6.525020678492281
n_e: -52418.314445061005
n_homo: -5.77180923355852
n_lumo: -0.01877586333108
C: 0.38330652877405047
Subcycle: 4
w: 0.1813082303752839
c_e: -52414.74078329154
c_homo: -9.53568954653676
c_lumo: -6.28419982272408
n_e: -52421.059778326504
n_homo: -6.340799526678641
n_lumo: 0.54722117621452
C: 0.021804491716213903
Subcycle: 5
w: 0.18355837271015585
c_e: -52414.83277413731
c_homo: -9.55310484006124
c_lumo: -6.27712485972976
n_e: -52421.15704355718
n_homo: -6.3576705922804795
n_lumo: 0.56300378597108
C: 0.0334011724097909
Subcycle: 6
w: 0.17453158058694557
c_e: -52414.46794033692
c_homo: -9.484260007847281
c_lumo: -6.30515259774572
n_e: -52420.771173987014
n_homo: -6.289642101950481
n_lumo: 0.49905700506087997
C: 0.013591548140507115
Subcycle: 7
w: 0.16754122416274236
c_e: -52414.18622837195
c_homo: -9.43038144350592
c_lumo: -6.32719382861264
n_e: -52420.47297735827
n_homo: -6.235219309686481
n_lumo: 0.44708323844876
C: 0.05152967663368191
Subcycle: 8
w: 0.17653221724392104
c_e: -52414.54830103197
c_homo: -9.49977050364252
c_lumo: -6.29889397663536
n_e: -52420.85619653846
n_homo: -6.304608369823081
n_lumo: 0.5134790450108401
C: 0.003287136661702661
Subcycle: 9
w: 0.17746503203277603
c_e: -52414.5884500864
c_homo: -9.50738969455948
c_lumo: -6.295628609099521
n_e: -52420.89866808554
n_homo: -6.31222756074004
n_lumo: 0.52055400800516
C: 0.002009561599890297
Subcycle: 10
w: 0.17779836799834117
c_e: -52414.60049031285
c_homo: -9.50956660625004
c_lumo: -6.29481226721556
n_e: -52420.911404107384
n_homo: -6.31467658639192
n_lumo: 0.52273091969572
C: 0.003762791856184222
Subcycle: 11
w: 0.17713169606721088
c_e: -52414.57239318577
c_homo: -9.504124327023641
c_lumo: -6.29698917890612
n_e: -52420.88168300418
n_homo: -6.309234307165521
n_lumo: 0.51783286839196
C: 5.5511245823147704e-05
