Subcycle: 0
w: 0.22188470506254732
c_e: -62396.33453494594
c_homo: -8.40369546744556
c_lumo: -6.57100793795536
n_e: -62403.09923849961
n_homo: -6.93591276008548
n_lumo: -0.3564692893292
C: 0.17120920641347315
Subcycle: 1
w: 0.3281152949374527
c_e: -62400.85247569941
c_homo: -8.916630284533761
c_lumo: -6.37726279749552
n_e: -62407.79967329758
n_homo: -7.463541731084961
n_lumo: 0.18258846804572
C: 0.516344132912609
Subcycle: 2
w: 0.15623058987490537
c_e: -62392.686615725455
c_homo: -7.943550758853441
c_lumo: -6.767474218028401
n_e: -62399.30492224005
n_homo: -6.4610738975820805
n_lumo: -0.89226167916828
C: 0.15723261701396218
Subcycle: 3
w: 0.18303151062732503
c_e: -62394.21274782954
c_homo: -8.14763622984344
c_lumo: -6.67658815494752
n_e: -62400.89345932735
n_homo: -6.6722343315664006
n_lumo: -0.65144082340008
C: 0.008477166248226808
Subcycle: 4
w: 0.1883400726734815
c_e: -62394.51074690355
c_homo: -8.18546007046692
c_lumo: -6.66053343122964
n_e: -62401.203398217745
n_homo: -6.71087451407384
n_lumo: -0.60763047562756
C: 0.018223199878594443
Subcycle: 5
w: 0.1816952879379644
c_e: -62394.13935733361
c_homo: -8.13838435515856
c_lumo: -6.680669864367321
n_e: -62400.817117483384
n_homo: -6.66243822895888
n_lumo: -0.66232538185288
C: 0.015321920815377865
Subcycle: 6
w: 0.1848092063773895
c_e: -62394.31418130188
c_homo: -8.1606976999868
c_lumo: -6.67114587572112
n_e: -62400.998964440885
n_homo: -6.68556791567108
n_lumo: -0.63647455552748
C: 0.0007847766669408784
Subcycle: 7
w: 0.1861578772927652
c_e: -62394.39291720448
c_homo: -8.17049380259432
c_lumo: -6.66679205234
n_e: -62401.080855504864
n_homo: -6.69563613223992
n_lumo: -0.62477365519072
C: 0.007697831856526172
Subcycle: 8
w: 0.18447587030289267
c_e: -62394.29729091618
c_homo: -8.15852078829624
c_lumo: -6.67196221760508
n_e: -62400.981397035655
n_homo: -6.68339100398052
n_lumo: -0.63892358117936
C: 0.000715115491314755
Subcycle: 9
w: 0.18414253423333998
c_e: -62394.27476096864
c_homo: -8.15552753472172
c_lumo: -6.6733227874116805
n_e: -62400.95796312553
n_homo: -6.680397750406
n_lumo: -0.6421889487152
C: 0.002804406485639177
Subcycle: 0
w: 0.22188470506254732
c_e: -62400.07094589875
c_homo: -8.58193011211016
c_lumo: -6.63114512340708
n_e: -62406.82825312283
n_homo: -6.808019198265081
n_lumo: 0.5142953868948
C: 0.05071197418028284
Subcycle: 1
w: 0.3281152949374527
c_e: -62404.86843857655
c_homo: -9.135137795473721
c_lumo: -6.30270357209384
n_e: -62411.7750639831
n_homo: -7.329389548154199
n_lumo: 0.8906289954003601
C: 0.422764141606808
Subcycle: 2
w: 0.15623058987490537
c_e: -62396.495695527985
c_homo: -8.411314658362521
c_lumo: -6.51767360153664
n_e: -62402.93281795469
n_homo: -6.339438956872041
n_lumo: 0.08734858158372001
C: 0.09768346982949438
Subcycle: 3
w: 0.20363569135286375
c_e: -62399.21649717564
c_homo: -8.6858776453344
c_lumo: -6.41807989169352
n_e: -62405.77940400885
n_homo: -6.6912823088588
n_lumo: 0.41415744912904
C: 0.12837547565331153
Subcycle: 4
w: 0.2624611797498107
c_e: -62402.174608320514
c_homo: -8.857037327004681
c_lumo: -6.403657851743561
n_e: -62408.97493512921
n_homo: -7.035778583889921
n_lumo: 0.693890601366
C: 0.23545177519220228
Subcycle: 5
w: 0.23738353924943217
c_e: -62400.928015895646
c_homo: -8.730504334990881
c_lumo: -6.449645111206641
n_e: -62407.68016193422
n_homo: -6.899721603229921
n_lumo: 0.5891267262578
C: 0.14757556465389143
Subcycle: 6
w: 0.214914202086611
c_e: -62399.84471688204
c_homo: -8.7525455658578
c_lumo: -6.390868495561521
n_e: -62406.43207043354
n_homo: -6.76448096445388
n_lumo: 0.4775600021166
C: 0.17712741295549872
Subcycle: 7
w: 0.2278047329359385
c_e: -62400.42432206868
c_homo: -8.675809428765561
c_lumo: -6.472774797918841
n_e: -62407.156828554216
n_homo: -6.843666127198
n_lumo: 0.54368369471736
C: 0.11115964165851189
Subcycle: 8
w: 0.21922220984442192
c_e: -62400.07981028315
c_homo: -8.777307936337921
c_lumo: -6.381072392954
n_e: -62406.676229039156
n_homo: -6.79142024662456
n_lumo: 0.5004175748674801
C: 0.1950014906151898
Subcycle: 9
w: 0.224145954495836
c_e: -62400.226625289266
c_homo: -8.65540088166656
c_lumo: -6.48093821675844
n_e: -62406.95136482602
n_homo: -6.82135278236976
n_lumo: 0.52545205930892
C: 0.09661324561759255
Subcycle: 10
w: 0.22086772238410748
c_e: -62400.17209854947
c_homo: -8.78710403894544
c_lumo: -6.3769906835342
n_e: -62406.77206648788
n_homo: -6.80176057715472
n_lumo: 0.5091252216297201
C: 0.2017926387434379
Subcycle: 11
w: 0.22274842548902216
c_e: -62400.112700969774
c_homo: -8.58410702380072
c_lumo: -6.632777807175
n_e: -62406.87310104115
n_homo: -6.81291724956884
n_lumo: 0.5183770963146
C: 0.05251717819248736
Subcycle: 12
w: 0.22155136843813195
c_e: -62400.05526560384
c_homo: -8.581113770226201
c_lumo: -6.63060089548444
n_e: -62406.81141198977
n_homo: -6.80611440053584
n_lumo: 0.51266270312688
C: 0.0499680146047794
Subcycle: 13
w: 0.22121803181866076
c_e: -62400.18834538564
c_homo: -8.78873672271336
c_lumo: -6.37671856957288
n_e: -62406.78893728136
n_homo: -6.80366537488396
n_lumo: 0.51075790539764
C: 0.2030734791677533
