Subcycle: 0
w: 0.22188470506254732
c_e: -44654.496710073334
c_homo: -14.06638700251476
c_lumo: -9.34357708984484
n_e: -44664.15078307085
n_homo: -9.98222855706288
n_lumo: -2.93910289621732
C: 0.32815555954610254
Subcycle: 1
w: 0.3281152949374527
c_e: -44657.50148522509
c_homo: -14.669391540799879
c_lumo: -8.93377346409692
n_e: -44667.20701578904
n_homo: -10.57462065085652
n_lumo: -2.57855189746832
C: 0.8690900869050502
Subcycle: 2
w: 0.15623058987490537
c_e: -44652.231832102494
c_homo: -13.52460810552664
c_lumo: -9.70848191197496
n_e: -44661.82079938574
n_homo: -9.461402435096401
n_lumo: -3.32958643071152
C: 0.12756484815267477
Subcycle: 3
w: 0.11565411518764196
c_e: -44650.87605776024
c_homo: -13.10201512359668
c_lumo: -9.994745799283601
n_e: -44660.412173981465
n_homo: -9.054592062923
n_lumo: -3.66918465443888
C: 0.48152415830544015
Subcycle: 4
w: 0.1752799258923862
c_e: -44652.89851675001
c_homo: -13.69876104077144
c_lumo: -9.59174502256868
n_e: -44662.50937641779
n_homo: -9.6287525213082
n_lumo: -3.19815538739396
C: 0.017892853527740726
Subcycle: 5
w: 0.18097880886333803
c_e: -44653.097675597724
c_homo: -13.748013667770358
c_lumo: -9.55881923324896
n_e: -44662.71459361074
n_homo: -9.676100350577881
n_lumo: -3.1619642305384
C: 0.05918233756147906
Subcycle: 6
w: 0.17123430040799623
c_e: -44652.75513881534
c_homo: -13.662569883915882
c_lumo: -9.61596316512616
n_e: -44662.36150452104
n_homo: -9.59419404822056
n_lumo: -3.2248225556033203
C: 0.01217165748148652
Subcycle: 7
w: 0.17207546949528618
c_e: -44652.78661369301
c_homo: -13.670461188794162
c_lumo: -9.610792999861081
n_e: -44662.39397533582
n_homo: -9.60181323913752
n_lumo: -3.21883604845428
C: 0.00554840367363596
Subcycle: 8
w: 0.1730131626895814
c_e: -44652.81808857069
c_homo: -13.678624607633761
c_lumo: -9.60535072063468
n_e: -44662.426441252544
n_homo: -9.609432430054481
n_lumo: -3.2131216552665602
C: 0.001079748199741104
Subcycle: 9
w: 0.17387898918860525
c_e: -44652.84956235991
c_homo: -13.686515912512041
c_lumo: -9.600180555369601
n_e: -44662.45890036642
n_homo: -9.617051620971441
n_lumo: -3.20713514811752
C: 0.007713614457433238
Subcycle: 10
w: 0.17267982679004815
c_e: -44652.8075969448
c_homo: -13.675903468020561
c_lumo: -9.60725551836392
n_e: -44662.41561982453
n_homo: -9.6069834044026
n_lumo: -3.2150264529958004
C: 0.0010394753337816809
