Subcycle: 0
w: 0.22188470506254732
c_e: -55062.12346672325
c_homo: -7.015097922829599
c_lumo: -3.4319012801678404
n_e: -55063.389724552
n_homo: -2.82372657661764
n_lumo: -0.01659895164052
C: 1.557468747868564
Subcycle: 1
w: 0.3281152949374527
c_e: -55066.450195445126
c_homo: -7.64123214782692
c_lumo: -3.31951821414268
n_e: -55067.04119186642
n_homo: -2.79406615483376
n_lumo: 0.41823915854884003
C: 2.203069733542267
Subcycle: 2
w: 0.15623058987490537
c_e: -55058.975852150346
c_homo: -6.4545431625104
c_lumo: -3.6474155375332797
n_e: -55060.88877112077
n_homo: -2.73256839957544
n_lumo: -0.35265969387072
C: 0.8196494291500596
Subcycle: 3
w: 0.11565411518764196
c_e: -55057.18763756613
c_homo: -6.21127328109032
c_lumo: -3.8199357890101604
n_e: -55059.508053724356
n_homo: -2.64385924818512
n_lumo: -0.57715371195972
C: 0.32344308995984905
Subcycle: 4
w: 0.09057647468726342
c_e: -55056.253858915654
c_homo: -6.0539914114473605
c_lumo: -3.97068692358144
n_e: -55058.79603897259
n_homo: -2.5633135156344005
n_lumo: -0.7401499747904
C: 0.02113345869602279
Subcycle: 5
w: 0.07507764050037856
c_e: -55055.77078316354
c_homo: -5.93725452204108
c_lumo: -4.08660747110376
n_e: -55058.43164055455
n_homo: -2.49338022757516
n_lumo: -0.85824743400328
C: 0.16747716343010532
Subcycle: 6
w: 0.09173828859747042
c_e: -55056.291075397916
c_homo: -6.06324328613224
c_lumo: -3.96252350474184
n_e: -55058.82424902697
n_homo: -2.5673952250542
n_lumo: -0.7325307838734401
C: 0.034221596000564514
Subcycle: 7
w: 0.08662553214506362
c_e: -55056.121660510966
c_homo: -6.02569155947008
c_lumo: -3.9987146615974
n_e: -55058.6959979074
n_homo: -2.54671456399388
n_lumo: -0.76926616865164
C: 0.027622832442141476
Subcycle: 8
w: 0.089067348923741
c_e: -55056.20369742802
c_homo: -6.04337896695588
c_lumo: -3.9810272541116003
n_e: -55058.75805322416
n_homo: -2.55732700848536
n_lumo: -0.75076241928188
C: 0.0029712123425875703
Subcycle: 9
w: 0.0887340142693254
c_e: -55056.19043921949
c_homo: -6.04065782734268
c_lumo: -3.9840205076861204
n_e: -55058.748018477614
n_homo: -2.55569432471744
n_lumo: -0.7537556728564
C: 0.0018849334046922017
Subcycle: 10
w: 0.08840067961985394
c_e: -55056.180528556906
c_homo: -6.03848091565212
c_lumo: -3.98592530541536
n_e: -55058.740517656275
n_homo: -2.55460586887216
n_lumo: -0.75593258454696
C: 0.005383230496816882
Subcycle: 0
w: 0.22188470506254732
c_e: -55058.96073186598
c_homo: -15.429677948727962
c_lumo: -12.156146994048362
n_e: -55071.282116253446
n_homo: -12.46037040280412
n_lumo: -4.91900407878164
C: 0.13898601533496802
Subcycle: 1
w: 0.3281152949374527
c_e: -55063.76911345607
c_homo: -15.967919364218922
c_lumo: -11.90280889605944
n_e: -55076.29557462568
n_homo: -13.064191282973201
n_lumo: -4.56552804302696
C: 0.5377301133620627
Subcycle: 2
w: 0.15623058987490537
c_e: -55055.54050509109
c_homo: -14.831027233823962
c_lumo: -12.2532916782396
n_e: -55067.64258140834
n_homo: -11.92893183634616
n_lumo: -5.30948761327584
C: 0.17314448090299628
Subcycle: 3
w: 0.19951987871863097
c_e: -55057.801391422225
c_homo: -15.238653947881321
c_lumo: -12.18880066940676
n_e: -55070.05414458694
n_homo: -12.2954693422442
n_lumo: -5.03329194253604
C: 0.04271617753040502
Subcycle: 4
w: 0.19139168393892414
c_e: -55057.37744168009
c_homo: -15.16518317832492
c_lumo: -12.19995734182088
n_e: -55069.60353883326
n_homo: -12.23206678925664
n_lumo: -5.07927920199912
C: 0.005969636084335761
Subcycle: 5
w: 0.17796134108810113
c_e: -55056.6745070991
c_homo: -15.041915553846962
c_lumo: -12.21873320515196
n_e: -55068.85491958354
n_homo: -12.12213274888336
n_lumo: -5.1606412764338
C: 0.05827973555142307
Subcycle: 6
w: 0.18966527371337036
c_e: -55057.28830204441
c_homo: -15.149672682529681
c_lumo: -12.20240636747276
n_e: -55069.508708478315
n_homo: -12.21846109119064
n_lumo: -5.08907530460664
C: 0.0019453427114584088
Subcycle: 7
w: 0.18528355261871854
c_e: -55057.057460423945
c_homo: -15.109399816254319
c_lumo: -12.2083928746218
n_e: -55069.262993108714
n_homo: -12.18281416225772
n_lumo: -5.1154703588546795
C: 0.022718522511702588
Subcycle: 8
w: 0.18933193756684638
c_e: -55057.26732287434
c_homo: -15.1458630870712
c_lumo: -12.2029505953954
n_e: -55069.48638560949
n_homo: -12.215195723654801
n_lumo: -5.09152433025852
C: 0.0038670114971637304
Subcycle: 9
w: 0.190231954596263
c_e: -55057.31452348995
c_homo: -15.15429861987212
c_lumo: -12.201590025588802
n_e: -55069.536606962196
n_homo: -12.22254280061044
n_lumo: -5.08608205103212
C: 0.0004593283638456569
Subcycle: 10
w: 0.19067493178740896
c_e: -55057.34074167012
c_homo: -15.158652443253239
c_lumo: -12.201045797666161
n_e: -55069.56449945958
n_homo: -12.22662451003024
n_lumo: -5.083360911418921
C: 0.0028667205745360747
