Subcycle: 0
w: 0.22188470506254732
c_e: -22993.801885852623
c_homo: -14.347208610597
c_lumo: -10.406998450683401
n_e: -23004.297427927773
n_homo: -10.5553005596028
n_lumo: -3.37720637394252
C: 0.059758484452503424
Subcycle: 1
w: 0.3281152949374527
c_e: -22996.537648516358
c_homo: -14.837557968895641
c_lumo: -10.18740248389816
n_e: -23007.18945434676
n_homo: -11.06034407181272
n_lumo: -3.0427783154802404
C: 0.4085382414099836
Subcycle: 2
w: 0.15623058987490537
c_e: -22991.736339195337
c_homo: -13.958629873832042
c_lumo: -10.582511955734802
n_e: -23002.079583276893
n_homo: -10.08291072275128
n_lumo: -3.7448323356858397
C: 0.2603333588046155
Subcycle: 3
w: 0.23048164497387078
c_e: -22994.060994562544
c_homo: -14.39319587006008
c_lumo: -10.38686201754572
n_e: -23004.573035179284
n_homo: -10.606730098292282
n_lumo: -3.33992676124168
C: 0.0946894815515762
Subcycle: 4
w: 0.2049913319667963
c_e: -22993.280501570498
c_homo: -14.25387352186424
c_lumo: -10.44835977280404
n_e: -23003.741368707786
n_homo: -10.448087658842722
n_lumo: -3.4569357646092795
C: 0.012779478445283488
Subcycle: 5
w: 0.18636638580436163
c_e: -22992.693810590732
c_homo: -14.145844279220201
c_lumo: -10.496523943957682
n_e: -23003.112925269288
n_homo: -10.31910564117704
n_lumo: -3.55571313256844
C: 0.10000903737902966
Subcycle: 6
w: 0.19787723557138318
c_e: -22993.057709951772
c_homo: -14.21332854162756
c_lumo: -10.46659140821248
n_e: -23003.503088743342
n_homo: -10.4001956016504
n_lumo: -3.4931269214648406
C: 0.04518318991956427
Subcycle: 7
w: 0.20888753074466404
c_e: -22993.402051230692
c_homo: -14.275914752731161
c_lumo: -10.43856367019652
n_e: -23003.871192509992
n_homo: -10.4736663712068
n_lumo: -3.43761567335556
C: 0.004525091906852907
Subcycle: 8
w: 0.21172666346698585
c_e: -22993.4889003471
c_homo: -14.2914252485264
c_lumo: -10.43176082116352
n_e: -23003.963880919895
n_homo: -10.491625892653921
n_lumo: -3.4242820892508803
C: 0.016645319858746177
Subcycle: 9
w: 0.20805639084615443
c_e: -22993.377171279768
c_homo: -14.271288815388722
c_lumo: -10.440740581887079
n_e: -23003.844628717878
n_homo: -10.4682240919804
n_lumo: -3.44142526881404
C: 0.0007666538706949666
Subcycle: 10
w: 0.20742835950379665
c_e: -22993.355378244047
c_homo: -14.267479219930241
c_lumo: -10.442373265655
n_e: -23003.821356633925
n_homo: -10.46387026859928
n_lumo: -3.4449627503111997
C: 0.0021081212794484827
Subcycle: 11
w: 0.20838972726546276
c_e: -22993.386504598162
c_homo: -14.273193613117963
c_lumo: -10.439924240003121
n_e: -23003.854594293058
n_homo: -10.470401003670961
n_lumo: -3.4400646990074404
C: 0.002311308775208687
