Error: segmentation violation
   rax 0000000000000000, rbx ffffffffffffffff, rcx ffffffffffffffff
   rdx 00000000000015c4, rsp 00007ffc927857b8, rbp 00007ffc92785d30
   rsi 000000000000000b, rdi 00000000000015c4, r8  0000000000000020
   r9  00007ffc9278539f, r10 00007ffc92785220, r11 0000000000000206
   r12 00007ffc92785d78, r13 0000000000000000, r14 0000000000000000
   r15 00000000000003e6
  /usr/lib/gcc/x86_64-redhat-linux/4.8.5/../../../../lib64/libpthread.so.0(+0xf5d0) [0x2b1f7fbde5d0]
  /usr/lib/gcc/x86_64-redhat-linux/4.8.5/../../../../lib64/libc.so.6(kill+0x7) [0x2b1f80123597]
  /opt/ohpc/pub/libs/gaussian/g16-A.03/sandybridge/g16/l103.exe() [0x406c1b]
  /usr/lib/gcc/x86_64-redhat-linux/4.8.5/../../../../lib64/libc.so.6(__libc_start_main+0xf5) [0x2b1f8010f495]
  /opt/ohpc/pub/libs/gaussian/g16-A.03/sandybridge/g16/l103.exe() [0x406b19]
/home/rdu230/.conda/envs/myenv/lib/python3.8/site-packages/pymatgen/io/gaussian.py:1163: UserWarning: 
mol_ta_NN_frag_opt_0.log: Termination error or bad Gaussian output file !
  warnings.warn("\n" + self.filename +
/home/rdu230/.conda/envs/myenv/lib/python3.8/site-packages/ocelot-0.2-py3.8.egg/ocelot/task/wtuning.py:165: UserWarning: tuning cycle went over max cycles
  warnings.warn('tuning cycle went over max cycles')

real	343m4.910s
user	2732m52.894s
sys	1m25.624s
