Error: segmentation violation
   rax 0000000000000000, rbx ffffffffffffffff, rcx ffffffffffffffff
   rdx 000000000002118a, rsp 00007ffe30fe8f48, rbp 00007ffe30fe94c0
   rsi 000000000000000b, rdi 000000000002118a, r8  0000000000000020
   r9  00007ffe30fe8b2f, r10 00007ffe30fe8320, r11 0000000000000206
   r12 00007ffe30fe9508, r13 0000000000000000, r14 0000000000000000
   r15 00000000000003e6
  /usr/lib/gcc/x86_64-redhat-linux/4.8.5/../../../../lib64/libpthread.so.0(+0xf5d0) [0x2b42cd9fe5d0]
  /usr/lib/gcc/x86_64-redhat-linux/4.8.5/../../../../lib64/libc.so.6(kill+0x7) [0x2b42cdf43597]
  /opt/ohpc/pub/libs/gaussian/g16-A.03/sandybridge/g16/l502.exe() [0x406c1b]
  /usr/lib/gcc/x86_64-redhat-linux/4.8.5/../../../../lib64/libc.so.6(__libc_start_main+0xf5) [0x2b42cdf2f495]
  /opt/ohpc/pub/libs/gaussian/g16-A.03/sandybridge/g16/l502.exe() [0x406b19]
/home/rdu230/.conda/envs/myenv/lib/python3.8/site-packages/pymatgen/io/gaussian.py:1163: UserWarning: 
mol_ta_NN_frag_opt_0.log: Termination error or bad Gaussian output file !
  warnings.warn("\n" + self.filename +
/home/rdu230/.conda/envs/myenv/lib/python3.8/site-packages/ocelot-0.2-py3.8.egg/ocelot/task/wtuning.py:165: UserWarning: tuning cycle went over max cycles
  warnings.warn('tuning cycle went over max cycles')

real	239m49.889s
user	1380m11.551s
sys	0m27.961s
