Error: segmentation violation
   rax 0000000000000000, rbx ffffffffffffffff, rcx ffffffffffffffff
   rdx 000000000005a033, rsp 00007fffa663e658, rbp 00007fffa663ebd0
   rsi 000000000000000b, rdi 000000000005a033, r8  0000000000000020
   r9  00007fffa663e23f, r10 00007fffa663da60, r11 0000000000000202
   r12 00007fffa663ec18, r13 0000000000000000, r14 0000000000000000
   r15 00000000000003e6
  /usr/lib/gcc/x86_64-redhat-linux/4.8.5/../../../../lib64/libpthread.so.0(+0xf5d0) [0x2ab6fea045d0]
  /usr/lib/gcc/x86_64-redhat-linux/4.8.5/../../../../lib64/libc.so.6(kill+0x7) [0x2ab6fef49597]
  /opt/ohpc/pub/libs/gaussian/g16-A.03/sandybridge/g16/l103.exe() [0x406c1b]
  /usr/lib/gcc/x86_64-redhat-linux/4.8.5/../../../../lib64/libc.so.6(__libc_start_main+0xf5) [0x2ab6fef35495]
  /opt/ohpc/pub/libs/gaussian/g16-A.03/sandybridge/g16/l103.exe() [0x406b19]
/home/rdu230/.conda/envs/myenv/lib/python3.8/site-packages/pymatgen/io/gaussian.py:1163: UserWarning: 
mol_ta_pa_whol_opt_0.log: Termination error or bad Gaussian output file !
  warnings.warn("\n" + self.filename +
/home/rdu230/.conda/envs/myenv/lib/python3.8/site-packages/ocelot-0.2-py3.8.egg/ocelot/task/wtuning.py:165: UserWarning: tuning cycle went over max cycles
  warnings.warn('tuning cycle went over max cycles')

real	2453m29.903s
user	19294m20.107s
sys	5m28.636s
