Job 22435 running on SLURM NODELIST: cnode210 
Job started at : Mon Jan 25 19:01:28 EST 2021
/mnt/gpfs2_4m/scratch/rdu230/ondemand/projects/init_structures/gaussian/wtuning/mol_ta_pa_whol
 
 Func-count     x          f(x)          Procedure
    1       0.221885     0.050712        initial
    2       0.328115     0.422764        golden
    3       0.156231    0.0976835        golden
    4       0.203636     0.128375        parabolic
    5       0.262461     0.235452        golden
    6       0.237384     0.147576        golden
    7       0.214914     0.177127        golden
    8       0.227805      0.11116        golden
    9       0.219222     0.195001        golden
   10       0.224146    0.0966132        golden
   11       0.220868     0.201793        golden
   12       0.222748    0.0525172        golden
   13       0.221551     0.049968        parabolic
   14       0.221218     0.203073        golden

Optimization terminated successfully;
The returned value satisfies the termination criteria
(using xtol =  0.001 )
