Subcycle: 0
w: 0.22188470506254732
c_e: -34248.78294613671
c_homo: -8.43335588922944
c_lumo: -3.84605872929688
n_e: -34252.63456361001
n_homo: -3.8700047578930405
n_lumo: 0.13986657611848
C: 0.01838728459173744
Subcycle: 1
w: 0.3281152949374527
c_e: -34250.34065597755
c_homo: -8.69050358267684
c_lumo: -3.46782032306208
n_e: -34254.095147270404
n_homo: -4.05912396101044
n_lumo: 0.67239359842172
C: 0.3046326681534568
Subcycle: 2
w: 0.15623058987490537
c_e: -34247.56553330825
c_homo: -8.16369095356132
c_lumo: -4.36416371165016
n_e: -34251.532286280286
n_homo: -3.6830624664662
n_lumo: -0.2802773801596
C: 0.2836905055729031
Subcycle: 3
w: 0.2406183291237684
c_e: -34249.10254969867
c_homo: -8.49049982110664
c_lumo: -3.7573495779065604
n_e: -34252.93081843352
n_homo: -3.9121824218976404
n_lumo: 0.25088907233704005
C: 0.08391368705027036
Subcycle: 4
w: 0.2116745096515894
c_e: -34248.60207987792
c_homo: -8.39906953010312
c_lumo: -3.8996651796769197
n_e: -34252.46801190615
n_homo: -3.84578661533556
n_lumo: 0.07918516274411999
C: 0.020145412895767212
Subcycle: 5
w: 0.21745861943782965
c_e: -34248.70544862475
c_homo: -8.41893384927948
c_lumo: -3.86864418808644
n_e: -34252.56309342229
n_homo: -3.8596644273628797
n_lumo: 0.11347152187044
C: 0.002019629819990598
Subcycle: 6
w: 0.21690828130477657
c_e: -34248.69481794862
c_homo: -8.41675693758892
c_lumo: -3.87163744166096
n_e: -34252.553301673506
n_homo: -3.85830385755628
n_lumo: 0.10993404037328001
C: 0.0001798673291655284
Subcycle: 7
w: 0.2149091584226148
c_e: -34248.65927687202
c_homo: -8.40995408855592
c_lumo: -3.8822498861524397
n_e: -34252.520587316736
n_homo: -3.8534058062525203
n_lumo: 0.09823314003652
C: 0.007904638461515567
Subcycle: 8
w: 0.2165749447541735
c_e: -34248.68949730434
c_homo: -8.41566848174364
c_lumo: -3.87327012542888
n_e: -34252.54840198952
n_homo: -3.85748751567232
n_lumo: 0.10830135660536
C: 0.0014171695125053674
Subcycle: 0
w: 0.22188470506254732
c_e: -34252.2476232714
c_homo: -11.910972314899041
c_lumo: -5.947322738609921
n_e: -34258.40946650719
n_homo: -6.1797080615772
n_lumo: 0.10530810303084001
C: 0.017864825790836036
Subcycle: 1
w: 0.3281152949374527
c_e: -34254.036834336956
c_homo: -12.544725730813319
c_lumo: -5.21397561285252
n_e: -34260.18790893483
n_homo: -6.90706868018556
n_lumo: 0.4870839907628
C: 0.7559940823116023
Subcycle: 2
w: 0.15623058987490537
c_e: -34250.8653722407
c_homo: -11.349329098734561
c_lumo: -6.5742733054912
n_e: -34257.039950681996
n_homo: -5.59956109604296
n_lumo: -0.312931055518
C: 0.5750173452494369
Subcycle: 3
w: 0.23631022599658738
c_e: -34252.52957687356
c_homo: -12.01437562020064
c_lumo: -5.8300416212810005
n_e: -34258.689455990774
n_homo: -6.29236324156368
n_lumo: 0.17469716316744002
C: 0.1324841243490935
Subcycle: 4
w: 0.20973618873170272
c_e: -34252.001032511194
c_homo: -11.81818145408892
c_lumo: -6.05208661371812
n_e: -34258.16475523812
n_homo: -6.0803864656954
n_lumo: 0.040817094198000003
C: 0.08333626122847893
Subcycle: 5
w: 0.22118037146278716
c_e: -34252.233656206
c_homo: -11.90580214963396
c_lumo: -5.95303713179764
n_e: -34258.395602028744
n_homo: -6.17399366838948
n_lumo: 0.10177062153368
C: 0.012047845646188549
Subcycle: 6
w: 0.2180699416779163
c_e: -34252.171529323256
c_homo: -11.88240034896044
c_lumo: -5.9797043000070005
n_e: -34258.33393529072
n_homo: -6.14923129790936
n_lumo: 0.08571589781580001
C: 0.013174669555660046
Subcycle: 7
w: 0.2199922930045865
c_e: -34252.20965901997
c_homo: -11.8968223889104
c_lumo: -5.9633774623278
n_e: -34258.37178226103
n_homo: -6.16446967974328
n_lumo: 0.09551200042332
C: 0.0023464386889200384
Subcycle: 8
w: 0.21965895640824015
c_e: -34252.203650471594
c_homo: -11.894645477219841
c_lumo: -5.96555437401836
n_e: -34258.36581725089
n_homo: -6.162020654091401
n_lumo: 0.09415143061672
C: 0.00014612520192880396
Subcycle: 9
w: 0.21905200678988068
c_e: -34252.19161895279
c_homo: -11.889747425916081
c_lumo: -5.97181299512872
n_e: -34258.35387498546
n_homo: -6.1571226027876405
n_lumo: 0.09088606308088
C: 0.00513342988466281
